101
26 27
0 4
0 18
7 13
15 11
18 26
21 17
26 8
29 17
26 28
0 5
0 27
9 22
16 0
1 18
15 12
18 27
22 16
27 26
0 6
0 19
0 28
8 13
9 23
16 1
18 28
22 17
26 9
27 27
0 7
19 0
0 29
1 17
9 24
15 10
18 29
23 17
26 7
27 28
19 1
0 8
1 19
19 2
1 27
28 26
25 17
19 3
1 4
1 28
28 27
1 29
20 0
0 20
1 5
2 28
16 12
6 13
9 25
10 21
10 22
16 10
28 28
1 6
15 13
20 1
2 18
16 13
20 2
2 19
15 14
20 3
4 15
21 26
26 26
29 24
0 26
1 7
16 14
29 25
1 8
2 4
2 27
2 29
10 23
10 24
10 25
11 21
16 2
2 5
29 26
11 22
16 3
5 15
17 12
26 29
1 26
2 6
17 13
11 23
19 4
1 16
