162
0 0
0 16
0 26
7 20
29 13
0 27
26 28
28 0
29 14
0 1
9 0
0 28
16 28
19 0
22 9
26 29
28 1
21 9
28 2
29 15
7 21
22 8
0 29
16 29
27 27
29 0
21 19
27 28
29 1
0 2
8 20
21 20
29 16
27 29
29 2
1 27
0 5
0 15
8 21
1 28
8 22
0 13
12 29
13 29
1 29
8 9
0 14
1 14
14 28
1 13
9 9
12 0
20 9
16 0
9 8
1 15
28 27
2 29
14 29
19 19
8 19
12 9
20 19
1 0
9 20
20 8
28 13
21 8
28 14
1 1
28 28
20 20
28 15
27 0
13 0
2 28
9 12
12 12
15 28
0 19
9 21
15 29
1 2
19 20
28 29
16 1
29 5
13 28
20 12
20 21
0 12
21 21
2 27
28 16
29 19
8 8
29 27
9 19
29 28
19 8
27 1
12 1
19 21
22 20
29 12
12 13
19 9
5 29
13 1
2 0
29 29
1 16
26 0
13 12
19 29
14 0
28 26
2 1
9 22
20 7
26 1
1 26
14 1
15 0
27 2
2 2
29 26
1 12
15 1
5 0
20 22
9 13
21 7
0 9
13 27
22 21
13 2
28 12
0 20
1 5
12 28
13 13
5 1
0 8
12 14
20 0
21 22
29 9
29 20
0 21
5 28
8 0
8 12
20 29
21 12
23 0
27 13
29 21
0 6
9 29
12 20
9 1
