212
17 8
0 26
5 11
9 4
14 16
26 22
1 27
5 19
29 19
6 11
14 17
18 24
2 27
6 19
27 19
7 4
19 24
22 2
0 18
23 2
29 9
0 27
24 2
29 10
29 11
15 16
28 19
3 27
17 7
0 17
7 5
20 23
25 2
27 10
0 19
16 16
1 28
7 6
8 20
20 24
27 11
17 16
28 10
8 19
28 11
1 26
7 7
15 15
18 7
26 10
18 16
0 15
1 29
7 8
26 11
7 20
2 28
7 11
16 7
17 5
21 23
28 9
2 29
15 17
0 16
8 21
18 8
3 28
8 4
21 24
22 23
27 9
16 17
1 15
3 29
8 5
17 6
22 24
25 3
1 18
4 28
16 15
25 19
25 20
26 2
8 6
8 22
25 21
26 3
4 29
17 15
8 7
9 21
26 12
19 7
1 16
5 28
25 22
26 20
29 12
14 15
1 17
5 29
18 5
29 8
8 8
18 15
1 19
8 11
17 17
9 5
18 6
28 8
4 27
7 19
18 9
9 6
29 7
0 20
5 27
9 7
19 8
10 4
18 23
25 23
26 4
2 19
27 7
9 8
3 19
15 14
17 22
19 5
8 23
26 19
26 21
26 23
27 12
19 6
27 8
0 25
16 14
10 5
17 14
16 22
18 14
7 21
28 7
10 6
18 22
10 7
2 26
2 15
26 9
17 9
2 16
2 17
16 18
17 18
9 11
26 8
16 8
2 18
15 18
3 15
3 26
19 9
18 17
0 24
3 16
7 12
1 25
10 8
18 18
17 10
8 12
11 4
15 22
3 17
11 5
15 19
4 15
4 26
16 19
5 26
16 20
3 18
19 22
9 12
11 6
16 21
18 10
20 5
20 6
2 25
19 23
4 16
4 17
11 7
4 25
15 7
17 13
17 19
5 15
18 21
5 25
17 11
5 17
3 25
18 20
5 12
19 11
