296
0 27
1 0
8 19
10 4
17 18
20 8
0 28
1 1
9 4
17 19
20 9
0 29
2 10
17 20
20 10
1 2
1 27
9 5
2 11
10 5
6 12
1 3
1 28
2 12
3 11
3 12
8 4
4 12
10 6
10 7
1 4
1 29
2 0
2 1
3 13
3 14
10 8
2 2
4 13
2 3
4 11
4 14
5 14
2 4
2 13
9 6
2 14
2 27
2 28
2 29
3 0
3 1
3 2
3 3
5 12
3 15
3 27
3 28
3 29
4 0
5 13
4 1
6 13
4 2
6 14
4 3
4 15
5 0
7 12
5 1
5 2
5 15
6 15
5 3
7 13
7 14
9 7
3 4
7 11
9 8
6 4
7 4
7 15
8 3
8 11
4 4
8 12
8 15
5 4
8 16
8 5
8 17
8 18
9 3
9 10
9 11
9 12
9 15
9 16
8 6
2 9
7 5
9 17
6 5
9 9
9 18
5 11
3 10
9 19
10 3
6 11
10 9
2 8
4 10
8 7
8 8
3 9
5 10
6 6
7 6
7 10
8 10
10 10
10 11
10 12
10 15
7 7
10 16
10 17
10 18
10 19
11 3
11 4
3 8
4 9
11 5
11 6
11 7
11 15
11 16
11 17
11 18
11 19
12 3
6 10
5 9
4 8
6 9
7 8
5 8
6 7
7 9
8 9
12 4
12 5
12 6
12 7
12 15
12 16
12 17
12 18
12 19
13 18
13 19
13 20
13 21
13 22
14 18
14 19
14 20
14 21
14 22
15 18
15 19
15 20
15 21
15 22
16 6
16 7
16 8
16 9
16 10
16 18
16 19
16 20
16 21
16 22
17 6
17 7
17 8
17 9
17 10
17 16
17 17
17 21
17 22
18 6
18 7
18 8
18 9
18 10
18 16
18 17
18 18
18 19
18 20
19 6
19 7
19 8
19 9
19 10
19 16
19 17
19 18
19 19
19 20
19 27
19 28
19 29
20 6
20 7
20 11
20 12
20 16
20 17
20 18
20 19
20 20
20 27
20 28
20 29
21 8
21 9
21 10
21 11
21 12
21 16
21 17
21 18
21 19
21 20
21 27
21 28
21 29
22 8
22 9
22 10
22 11
22 12
22 27
22 28
22 29
23 0
23 1
23 2
23 3
23 4
23 8
23 9
23 10
23 11
23 12
23 27
23 28
23 29
24 0
24 1
24 2
24 3
24 4
24 8
24 9
24 10
24 11
24 12
25 0
25 1
25 2
25 3
25 4
26 0
26 1
26 2
26 3
26 4
26 22
26 23
26 24
26 25
26 26
27 0
27 1
27 2
27 3
27 4
27 10
