120
15 15
0 0
0 8
0 16
8 0
16 0
26 0
27 8
27 16
27 26
15 16
0 27
27 0
27 27
0 1
8 1
16 1
27 9
16 15
0 28
27 1
27 28
8 2
16 2
27 12
16 16
0 29
27 29
28 0
0 2
0 19
19 0
27 13
14 14
1 27
28 27
29 0
0 13
14 15
9 0
1 28
28 28
0 5
28 1
1 16
14 16
1 29
28 29
0 6
0 14
15 14
0 15
2 27
27 2
29 27
1 0
15 17
29 1
2 28
29 28
0 12
16 14
29 29
2 29
28 2
0 20
16 17
1 1
29 2
0 9
17 15
0 21
17 16
0 26
17 17
1 2
13 13
0 23
13 14
1 5
13 15
1 6
1 8
1 9
13 16
1 12
14 13
1 13
14 17
1 14
15 13
1 15
1 19
1 20
1 21
15 18
1 23
16 13
1 26
1 22
16 18
2 0
0 22
2 1
2 2
2 5
17 14
17 18
2 8
18 15
2 9
18 16
2 12
18 17
2 13
1 7
18 18
2 14
27 19
2 6
