318
6 10
6 18
10 0
11 26
14 9
22 20
0 3
8 1
10 17
10 18
12 8
2 1
10 19
12 9
2 2
12 26
13 8
14 10
14 26
5 1
13 26
15 9
15 26
22 21
23 20
23 21
24 20
24 21
26 17
0 4
15 10
26 18
1 0
9 1
10 20
12 10
26 19
0 5
7 1
13 9
26 20
26 21
0 6
13 10
0 7
6 1
1 1
9 2
10 8
1 2
1 3
2 7
9 3
9 8
1 4
12 7
2 3
13 6
1 5
13 7
1 6
1 7
12 6
2 5
2 8
10 4
10 6
2 0
2 4
2 6
2 9
10 7
3 0
3 1
3 2
6 9
3 8
3 9
4 0
4 1
4 8
4 9
5 0
5 9
6 0
8 2
5 8
6 16
6 17
6 19
6 20
7 0
7 9
7 10
4 2
7 16
7 17
7 18
7 19
7 20
8 0
3 7
8 8
8 9
8 10
3 3
8 16
8 17
8 18
8 19
8 20
9 0
9 9
5 2
9 10
9 16
9 17
9 18
9 19
9 20
10 1
4 7
10 2
3 6
10 3
10 5
10 9
6 2
3 4
4 3
7 2
10 10
3 5
10 16
10 21
11 4
11 5
11 6
11 7
11 8
11 9
4 4
11 10
11 11
5 3
4 5
11 12
9 4
4 6
5 4
8 3
11 13
11 17
11 18
11 19
11 20
11 21
11 22
11 23
11 24
11 25
11 27
11 28
11 29
12 4
12 5
12 11
12 12
12 13
6 3
5 5
6 8
7 3
5 6
5 7
12 17
12 18
12 19
12 20
12 21
12 22
12 23
12 24
12 25
12 27
12 28
12 29
13 4
13 5
13 11
13 12
13 13
13 17
13 18
13 19
13 20
13 21
13 22
13 23
13 24
13 25
13 27
13 28
13 29
14 6
14 7
6 4
14 8
7 8
14 11
14 12
6 5
8 4
14 13
14 17
14 18
14 19
14 20
14 21
14 22
14 23
14 24
14 25
14 27
14 28
14 29
15 6
15 7
15 8
15 11
7 4
6 6
15 12
15 13
15 22
15 23
15 24
15 25
15 27
15 28
15 29
16 6
16 7
16 8
6 7
16 9
16 10
19 10
19 11
19 12
19 13
19 14
20 10
20 11
20 12
20 13
20 14
20 20
20 21
20 22
20 23
20 24
21 10
21 11
21 12
21 13
21 14
21 20
21 21
21 22
21 23
21 24
22 10
22 11
22 12
22 13
22 14
22 17
22 18
22 19
22 22
22 23
22 24
23 10
23 11
23 12
23 13
23 14
23 17
23 18
23 19
23 22
23 23
23 24
24 17
24 18
24 19
24 22
24 23
24 24
24 26
24 27
24 28
24 29
25 17
25 18
25 19
25 20
25 21
25 26
25 27
25 28
25 29
26 26
26 27
26 28
26 29
27 12
