249
10 25
0 3
0 19
8 17
10 5
16 13
17 21
0 20
1 3
6 12
13 6
14 5
18 21
23 19
0 4
0 21
13 7
24 19
0 5
0 22
6 13
2 3
6 14
14 6
14 7
0 23
1 21
7 14
9 25
9 26
9 27
1 22
18 22
19 21
19 22
0 6
8 28
7 15
10 26
1 23
9 15
13 8
14 8
14 9
20 15
20 16
0 7
0 24
10 27
8 15
11 27
0 25
1 4
1 5
9 24
5 14
9 28
15 6
15 7
20 17
1 6
6 15
1 7
11 26
8 14
16 6
1 20
10 28
16 7
1 24
9 14
11 28
1 25
11 25
2 4
2 5
2 6
17 6
2 7
2 22
10 24
10 23
2 21
12 26
2 23
12 27
12 25
13 9
17 7
1 19
2 11
8 27
2 13
11 24
4 11
6 11
11 23
12 24
2 10
12 28
2 12
13 24
2 14
2 19
2 20
2 24
2 25
13 25
14 24
3 10
3 11
14 25
3 12
3 13
8 26
3 14
3 21
3 22
3 23
4 10
4 12
4 13
6 28
4 14
5 11
7 28
7 12
8 29
3 20
5 10
7 27
5 12
5 13
3 19
5 15
6 10
6 27
6 16
7 11
9 29
8 11
9 18
10 6
10 7
10 29
10 8
10 9
11 5
11 6
11 7
11 8
11 29
11 9
12 21
12 5
12 22
12 6
12 23
7 13
12 29
10 13
13 5
13 21
12 7
13 22
12 8
13 23
12 9
13 26
13 10
13 27
5 16
13 28
7 16
14 3
14 4
14 10
14 21
14 22
7 26
6 26
5 17
8 12
14 23
8 13
8 25
6 17
6 25
7 17
8 16
9 12
9 13
7 25
5 18
6 24
9 16
9 17
10 14
23 0
10 15
25 8
14 26
14 27
6 18
14 28
15 3
15 4
15 5
15 8
15 9
15 10
15 18
15 19
15 20
15 21
22 29
15 22
26 8
15 24
15 25
15 26
15 27
15 28
26 9
27 21
16 3
27 7
16 4
27 22
16 5
16 8
16 9
16 10
16 14
27 8
16 15
16 16
16 17
7 24
27 9
16 18
27 20
16 19
22 0
16 20
27 23
16 21
28 12
7 18
