107
26 15
0 16
2 3
5 24
13 18
14 8
16 26
25 0
25 15
17 26
25 1
0 14
2 4
5 25
8 10
9 0
13 19
18 10
26 13
17 27
25 2
0 15
2 5
5 26
26 14
18 26
26 0
0 17
3 3
5 27
14 17
26 16
5 28
11 8
18 27
26 1
0 18
4 3
13 17
26 17
11 9
19 26
26 2
1 14
5 0
6 24
9 10
27 13
27 0
1 15
19 27
5 1
6 25
10 9
27 15
27 1
1 16
20 26
5 2
6 26
27 16
27 2
1 17
20 27
6 0
6 27
10 10
27 17
12 8
28 0
28 13
2 16
9 12
29 13
11 10
28 1
1 18
2 6
28 2
2 7
10 12
22 11
28 17
29 0
2 14
29 1
2 15
25 14
29 2
2 17
11 11
11 12
22 12
2 18
3 4
3 5
22 13
3 6
22 14
23 15
29 15
3 7
4 4
24 15
4 5
8 11
8 14
