265
17 1
0 15
6 4
6 29
14 26
16 9
7 4
8 13
26 5
27 25
27 5
27 26
0 16
0 27
8 14
8 27
15 1
7 5
28 5
28 25
0 17
16 1
8 15
28 26
29 5
0 18
0 28
6 5
17 0
18 1
0 19
8 16
29 25
0 29
7 6
18 0
29 26
0 20
19 1
1 19
7 7
1 27
17 2
1 18
1 28
1 29
8 4
2 27
2 28
8 17
16 2
6 6
18 2
8 6
2 19
20 1
2 29
1 17
6 7
8 5
6 27
6 28
7 15
19 0
7 27
19 2
1 20
8 7
7 28
8 18
9 4
20 2
17 3
9 5
0 21
7 16
9 6
9 7
7 29
17 4
8 28
17 5
8 29
9 13
18 3
9 14
1 16
2 18
7 8
8 8
2 20
8 12
3 19
9 8
16 3
0 22
16 4
0 23
6 16
19 3
4 15
20 0
20 3
21 0
21 1
10 4
21 2
5 16
10 5
1 23
10 6
1 15
1 24
10 7
2 15
10 8
4 16
2 24
5 15
6 15
9 27
1 21
7 14
9 28
1 22
2 16
2 23
4 14
7 13
13 1
5 14
9 29
14 1
6 14
10 27
2 21
7 12
3 20
13 2
2 17
2 22
6 12
3 23
6 13
14 2
15 2
16 5
3 15
3 16
3 21
3 24
4 11
4 12
3 22
4 13
4 19
4 20
5 12
5 13
4 21
5 20
4 22
4 23
4 24
5 11
5 17
5 19
5 21
5 22
5 23
5 24
6 8
6 11
6 17
7 11
3 18
7 17
7 18
8 11
9 12
9 15
9 16
10 28
10 29
11 4
11 5
11 6
11 7
12 26
12 27
12 28
12 29
13 0
13 3
13 4
13 26
13 27
13 28
13 29
14 0
14 3
14 4
14 27
14 28
14 29
15 0
15 3
15 4
15 5
15 8
15 9
15 10
15 11
15 12
15 26
15 27
15 28
15 29
16 0
16 8
16 10
16 11
16 12
16 26
16 27
16 28
16 29
17 8
17 9
17 10
17 11
17 12
18 4
18 5
18 8
18 9
18 10
18 11
4 18
18 12
11 8
19 4
19 5
19 8
19 9
19 10
19 11
19 12
20 4
20 5
20 22
27 9
20 23
29 1
20 24
28 9
20 25
27 29
4 17
20 26
29 9
3 17
21 3
28 22
21 10
