182
17 17
0 0
4 7
8 0
11 11
19 9
21 24
25 17
0 1
13 17
19 10
21 18
0 2
15 17
0 3
17 18
0 4
19 11
0 5
17 19
21 11
0 6
15 18
0 7
19 19
1 0
21 19
1 1
21 20
1 2
21 21
1 3
23 17
14 17
17 11
1 4
1 5
15 13
1 6
17 13
22 21
1 7
2 0
21 13
2 1
2 2
18 13
2 3
22 17
2 4
15 15
2 5
19 12
2 6
15 16
2 7
20 13
3 0
3 1
15 19
19 13
3 2
16 13
17 21
3 3
18 21
4 0
18 11
4 1
16 19
4 2
17 12
4 4
17 20
4 5
18 12
4 6
19 21
4 8
18 19
5 0
18 20
5 1
16 18
5 2
19 20
5 4
20 11
5 5
20 12
20 19
5 7
20 20
5 8
20 21
6 0
21 12
6 1
21 14
6 2
22 13
6 4
22 15
22 18
22 19
6 7
22 20
6 8
23 13
7 0
23 15
7 1
16 17
7 2
23 16
7 4
23 18
7 5
23 19
7 6
24 17
7 7
7 8
8 1
22 16
8 2
9 0
9 11
10 12
21 17
8 4
9 8
11 12
21 15
21 16
8 5
18 18
8 6
19 18
20 18
5 6
8 7
11 0
19 15
8 8
9 1
9 12
19 17
9 2
17 14
9 9
18 17
19 16
9 10
12 0
20 15
20 17
10 0
18 16
10 1
19 14
10 2
10 8
16 16
10 9
17 16
10 10
18 14
10 11
20 14
11 1
11 2
17 15
11 8
18 15
20 16
11 9
12 1
16 15
12 2
28 28
12 8
