278
20 14
0 0
1 19
1 27
4 7
8 14
13 5
17 22
22 1
28 15
1 28
9 14
13 6
17 13
22 2
28 16
0 1
13 21
1 20
17 14
22 3
0 2
18 14
2 16
10 18
5 26
22 4
25 12
0 3
2 17
13 22
23 1
25 13
1 0
2 18
3 26
19 14
17 5
24 1
1 1
10 16
4 26
25 1
25 14
1 2
10 17
18 13
25 2
27 12
1 3
1 21
10 19
19 15
11 20
17 6
24 2
27 13
23 2
26 12
1 23
11 19
25 3
27 14
1 26
1 29
2 0
2 1
2 2
2 3
10 15
25 4
2 15
18 15
2 19
10 20
17 7
20 16
2 20
12 20
23 3
23 4
26 13
24 3
26 14
2 21
11 18
3 16
18 12
12 19
19 13
24 4
26 1
26 2
20 17
26 3
2 23
26 15
2 26
11 16
26 4
27 15
2 27
11 17
27 16
2 28
2 29
12 18
26 16
3 15
13 20
3 17
20 15
3 18
3 23
19 12
12 17
20 18
25 16
3 20
12 16
25 15
3 28
20 12
3 19
3 24
3 29
13 19
3 25
20 13
21 14
4 16
19 18
4 17
3 27
21 15
4 5
4 6
4 8
4 9
4 15
13 18
4 18
21 18
4 24
21 16
4 25
5 16
6 15
13 16
14 19
21 12
1 22
21 13
4 23
13 17
17 15
3 21
14 18
19 16
4 27
21 17
4 28
6 16
4 29
5 5
5 6
5 7
5 8
5 9
22 12
5 15
5 17
18 16
22 13
5 24
5 25
19 17
5 27
22 14
5 28
5 29
4 19
5 18
14 16
14 17
22 15
2 22
6 5
6 6
6 7
6 8
6 9
6 13
22 16
6 14
23 12
23 13
23 14
6 24
24 12
6 25
6 17
6 26
3 22
4 20
5 23
24 13
24 14
24 15
24 16
4 21
7 5
7 6
7 7
7 8
7 9
7 13
7 14
4 22
7 15
7 16
7 24
7 17
7 25
7 26
8 5
8 6
8 7
8 8
8 9
8 13
6 23
8 15
8 16
8 17
9 13
7 23
9 15
9 16
9 17
9 18
9 22
10 13
5 22
10 14
10 21
10 22
11 15
5 21
11 21
11 22
12 15
12 21
12 22
13 7
13 8
13 9
13 15
5 19
13 23
13 24
13 25
5 20
6 18
6 22
14 5
14 6
14 7
14 8
14 9
14 15
14 20
14 21
14 22
6 19
14 23
16 0
14 24
