136
1 19
2 0
6 26
14 1
14 13
14 23
20 7
22 15
24 0
28 9
28 26
2 19
10 9
16 23
25 14
0 18
0 19
0 20
10 10
10 11
11 9
16 24
16 25
23 28
23 29
24 9
24 10
25 17
25 18
1 18
2 1
2 2
2 3
26 18
2 4
24 27
2 18
3 0
11 10
24 28
25 15
3 1
1 20
11 11
3 2
12 9
16 26
26 17
3 3
12 10
6 24
24 29
3 4
6 25
12 11
18 23
25 16
4 0
26 14
27 27
4 1
7 23
18 24
26 15
27 28
1 21
27 29
4 2
18 25
18 26
26 16
4 3
19 23
7 24
7 25
0 21
19 24
5 0
19 25
5 1
7 26
0 22
3 19
19 26
5 2
20 24
6 0
20 25
8 10
6 1
8 9
2 21
23 27
4 4
8 11
20 23
5 3
1 23
6 2
20 26
20 27
9 8
21 27
3 21
9 9
22 27
3 22
9 10
3 23
9 11
25 0
6 3
15 1
26 0
8 25
16 1
0 23
1 22
26 1
10 7
16 2
2 20
9 25
24 1
2 22
25 1
10 8
17 1
8 22
2 23
10 12
17 2
8 23
3 20
20 8
10 13
