265
18 4
25 19
0 27
2 0
19 12
23 27
27 0
26 19
0 28
18 1
2 1
19 10
23 28
27 1
27 19
0 29
3 9
10 16
16 24
18 2
4 9
10 17
18 3
24 19
1 27
13 25
19 4
11 16
24 20
27 20
1 28
13 26
15 1
1 29
2 2
11 17
25 20
3 0
12 16
28 19
3 11
12 17
14 25
2 27
14 26
2 28
15 25
2 29
15 26
15 2
6 9
15 24
26 20
3 1
14 24
3 10
15 3
27 21
4 0
16 1
4 1
5 9
16 25
4 10
16 2
17 1
16 26
24 21
4 11
5 0
15 4
5 1
17 2
24 22
5 10
5 25
5 26
5 27
5 28
5 29
6 0
24 23
6 1
15 5
25 21
3 2
6 28
8 17
9 17
16 3
6 10
25 22
6 29
16 4
4 2
25 23
10 18
11 15
17 3
26 21
5 2
6 25
11 18
5 11
17 4
26 22
6 2
6 26
18 5
26 23
11 14
6 27
12 14
16 5
27 22
12 15
13 16
13 27
14 27
14 28
14 1
4 8
27 23
13 17
15 27
3 8
13 28
12 18
17 5
5 8
19 5
9 16
13 24
14 2
2 3
3 3
4 3
5 3
6 3
6 11
7 10
7 11
2 4
7 25
7 26
7 27
7 28
7 29
8 13
3 4
8 14
3 5
3 6
4 4
4 5
4 6
5 4
5 5
6 4
6 5
8 15
8 16
8 25
8 26
8 27
8 28
8 29
9 13
7 5
9 14
9 15
9 25
9 26
9 27
9 28
9 29
10 3
3 7
5 6
10 13
10 14
4 7
6 6
7 6
9 3
10 4
10 15
6 8
5 7
10 19
10 20
11 3
11 4
11 5
11 13
11 19
12 3
12 4
12 5
12 6
12 7
12 13
6 7
12 19
7 9
12 20
12 24
12 25
12 26
12 27
12 28
13 3
13 4
13 5
13 6
13 7
13 18
13 19
13 20
13 22
13 23
14 3
14 4
7 8
14 5
14 16
14 17
14 18
14 19
14 20
14 22
14 23
15 22
15 23
15 28
16 22
16 23
16 27
16 28
17 22
17 23
17 24
17 25
17 26
18 6
18 7
18 8
19 1
27 2
19 2
27 3
19 3
27 4
28 0
19 6
28 1
10 5
11 6
11 20
19 7
19 8
19 11
19 13
19 14
20 0
