245
11 2
6 14
6 27
17 23
22 1
25 10
6 15
6 28
7 1
7 2
15 2
17 24
17 26
23 1
25 11
26 10
26 27
26 28
6 16
17 27
22 2
26 11
26 29
6 17
7 3
14 11
18 23
23 2
27 10
27 25
6 18
6 29
7 4
7 5
8 2
8 3
9 2
9 3
10 2
11 1
14 2
15 10
15 11
15 12
15 13
16 10
16 11
18 24
18 26
18 27
19 23
19 24
22 3
16 12
27 11
16 13
27 26
17 10
24 1
23 3
27 27
28 11
19 26
24 2
24 3
25 1
28 25
28 10
28 26
25 2
28 27
19 27
26 2
29 25
29 26
29 27
17 11
7 14
17 12
17 13
8 4
7 15
7 16
7 17
14 10
7 18
26 26
26 3
10 3
7 27
7 28
7 29
8 17
25 3
8 15
8 5
8 16
8 18
28 8
8 27
20 27
9 4
8 28
8 29
9 17
9 27
9 28
9 29
10 27
10 28
10 29
15 20
20 26
7 6
8 1
8 14
9 18
15 21
16 22
27 8
15 0
10 18
16 9
29 6
15 22
8 6
15 9
15 23
16 24
17 14
19 11
28 7
16 14
9 1
16 28
17 9
29 4
10 1
29 5
9 15
10 4
9 14
11 0
16 26
18 2
17 29
26 4
9 16
12 0
16 29
26 5
12 1
16 20
17 28
19 9
27 4
14 12
27 5
27 6
12 2
13 0
27 7
13 1
13 2
28 4
10 17
14 0
23 4
14 1
9 5
24 4
11 3
28 5
28 6
15 14
15 1
15 24
16 21
14 13
16 23
16 27
17 2
25 4
17 20
13 12
10 14
9 6
10 15
16 2
10 16
17 3
22 4
17 21
17 22
17 25
18 3
13 11
12 3
13 3
13 13
16 3
18 4
18 20
18 21
18 22
18 25
18 28
18 29
19 10
10 5
19 12
15 3
19 20
14 3
11 4
14 14
10 6
13 14
17 4
18 5
19 8
19 21
19 22
19 25
19 28
19 29
20 9
20 10
11 5
20 8
20 11
16 4
20 12
11 6
20 23
20 24
20 25
20 28
20 29
21 0
21 1
13 10
21 2
27 18
14 4
