286
0 15
2 23
6 0
13 4
17 25
19 10
23 3
1 15
2 24
10 1
19 9
20 25
20 26
26 5
27 5
0 16
10 2
10 3
19 11
20 27
20 28
24 3
0 17
10 4
20 11
20 29
27 6
0 18
21 3
21 25
29 5
0 19
21 26
29 6
1 16
11 17
19 12
14 19
20 12
21 27
28 5
1 17
11 18
20 3
20 13
14 20
19 13
21 28
1 18
21 29
28 6
2 10
11 19
20 4
2 11
11 20
12 17
20 10
2 12
12 18
26 6
2 13
21 4
2 14
12 19
22 3
2 15
12 20
24 4
2 16
12 21
20 5
13 17
20 9
14 18
13 18
2 22
2 25
2 26
21 5
3 10
13 19
13 20
22 4
3 11
13 21
23 4
3 12
3 13
14 21
20 6
3 14
15 19
20 7
3 15
15 20
21 6
21 9
3 24
3 25
3 26
4 25
4 26
14 17
23 5
4 10
5 10
15 18
3 22
4 11
5 25
5 26
21 7
3 23
15 17
4 12
6 1
6 2
6 3
6 10
6 25
16 18
4 13
6 24
22 5
16 19
4 23
16 20
4 14
5 11
6 26
7 0
7 1
7 2
7 3
7 4
8 0
8 1
8 2
8 3
8 4
9 0
9 1
9 2
9 3
9 4
10 0
10 5
11 1
11 2
11 3
22 9
11 4
23 6
4 22
16 17
4 24
5 24
17 17
6 4
17 18
4 15
22 6
17 19
5 12
17 20
22 7
5 13
23 7
3 16
11 21
23 9
5 14
5 22
5 23
6 11
6 12
6 13
11 5
11 11
11 12
11 13
12 1
12 2
12 3
12 4
12 5
13 1
13 2
6 22
6 23
1 19
2 18
12 11
12 12
10 21
2 17
11 14
2 19
12 13
12 14
3 17
13 3
13 5
13 11
13 12
3 18
13 13
3 19
9 21
13 15
14 1
14 2
14 3
14 4
14 5
14 11
4 16
14 12
14 13
10 20
14 14
4 17
4 18
4 19
8 21
14 15
6 14
14 16
15 11
15 12
15 13
15 14
15 15
15 16
15 21
16 10
16 11
16 12
10 19
16 13
8 20
9 20
16 14
9 19
16 16
16 21
17 10
17 11
17 12
17 13
17 14
10 18
17 16
8 19
9 18
17 21
17 26
17 27
17 28
17 29
18 10
18 11
18 12
18 13
18 14
18 16
18 17
18 18
28 20
18 19
18 20
18 25
18 26
18 27
18 28
18 29
19 5
19 6
19 7
19 8
19 14
10 17
19 25
29 28
19 26
