227
3 11
6 20
10 0
14 7
17 23
25 9
3 12
6 21
13 15
11 3
25 10
4 11
6 22
14 15
11 4
25 11
4 12
6 23
15 15
12 3
26 9
5 10
6 24
15 23
13 14
12 4
16 15
26 10
26 11
3 13
13 3
17 15
3 14
13 4
14 14
14 3
19 20
14 4
4 13
7 21
14 16
4 14
5 6
15 14
3 15
16 14
5 7
7 22
15 16
5 9
17 12
15 20
5 8
16 20
5 11
17 14
5 12
17 20
5 13
18 20
5 14
6 6
7 20
16 16
7 23
17 16
6 19
15 17
4 15
15 18
5 15
6 7
7 6
7 24
8 21
14 17
15 19
6 8
16 17
6 9
16 18
6 10
16 19
6 11
17 17
6 12
17 18
6 15
14 18
17 19
18 19
6 16
19 19
6 17
6 18
7 7
7 8
7 9
7 10
7 18
7 11
7 19
8 6
8 7
13 16
6 13
8 8
8 22
8 19
8 9
8 23
8 20
8 24
13 17
7 12
8 10
9 6
9 21
9 7
10 20
9 8
9 20
9 9
9 22
9 23
6 14
9 24
10 1
10 2
10 3
10 4
10 21
10 22
10 23
9 10
10 24
11 0
11 1
11 2
11 5
12 0
12 1
12 2
13 0
13 1
13 2
13 19
11 6
13 20
7 13
11 7
14 0
14 1
14 2
14 19
12 5
14 20
13 18
7 14
12 6
7 15
9 19
7 16
7 17
8 18
11 20
12 7
12 20
13 5
13 6
13 7
13 12
13 13
14 5
14 6
14 12
10 19
14 13
8 15
8 16
8 17
9 18
11 19
12 16
12 18
12 19
15 3
15 4
15 5
15 6
15 7
15 12
15 13
15 21
15 22
16 12
16 13
16 21
16 22
16 23
9 15
17 8
17 9
17 10
17 11
17 13
10 18
9 16
9 17
10 15
11 18
17 21
17 22
18 8
18 9
18 10
18 11
18 12
18 16
10 16
18 17
23 1
18 18
10 17
18 21
22 29
18 22
