126
1 2
9 3
13 20
0 19
4 10
13 28
17 2
21 20
25 0
27 14
5 28
0 0
0 20
4 11
10 3
10 20
12 11
13 29
18 2
20 11
26 0
28 14
5 29
0 1
0 21
4 12
9 1
12 12
21 21
20 12
0 2
19 12
1 19
2 29
9 2
0 3
1 20
3 29
21 12
10 1
11 20
19 21
1 0
4 28
5 11
11 21
22 12
2 19
11 3
13 21
1 1
6 28
2 20
20 13
11 4
2 28
6 11
1 3
19 13
0 4
10 4
3 28
3 20
6 29
14 20
21 13
2 0
1 21
4 29
5 12
6 12
15 20
7 12
22 13
1 4
2 21
9 29
6 13
17 21
21 14
7 13
10 2
14 21
2 1
7 29
8 12
22 14
10 21
0 22
11 1
2 2
7 11
8 29
15 21
16 21
17 22
22 15
1 5
3 19
7 28
10 29
11 2
20 14
8 11
11 28
12 1
2 3
1 22
4 13
11 29
15 22
12 2
12 3
2 4
21 15
16 22
8 13
11 5
0 23
9 28
12 4
17 23
3 2
19 14
3 21
5 13
