147
0 12
0 23
7 3
7 19
15 24
21 2
27 25
14 8
0 13
7 28
7 4
14 9
1 12
15 8
0 24
10 19
2 12
7 5
0 25
15 7
7 20
15 9
0 14
0 26
8 20
16 7
0 27
0 15
16 8
1 26
8 21
16 9
0 16
0 28
17 7
1 13
1 27
9 20
1 28
10 20
8 22
9 21
1 14
17 8
1 15
1 25
17 9
2 27
9 22
2 13
10 4
9 23
10 5
1 16
2 28
3 12
18 7
10 21
18 8
1 24
10 6
2 14
3 27
2 15
18 9
2 26
11 4
2 16
3 13
3 28
4 28
6 8
7 6
8 3
8 4
3 14
14 7
3 15
5 28
4 8
6 28
8 19
11 3
14 6
4 12
8 27
8 5
8 28
11 5
3 16
4 27
2 25
4 11
9 3
9 4
9 19
9 24
14 5
1 23
4 10
10 17
3 26
5 27
7 7
5 11
10 18
8 6
7 27
8 7
5 12
8 23
11 6
5 8
8 26
10 7
10 22
2 24
6 12
4 26
6 27
6 11
7 8
8 25
8 8
10 3
3 25
4 9
5 26
9 5
10 23
9 6
11 17
11 18
11 19
3 24
2 23
11 7
5 9
5 10
11 20
4 25
6 9
8 24
6 10
11 21
9 7
12 0
