256
15 22
3 25
4 16
11 12
19 13
23 20
14 22
3 26
4 17
15 13
22 17
3 27
7 18
3 28
14 23
16 13
22 21
3 29
4 18
17 13
8 12
13 24
4 19
14 24
17 14
18 13
4 20
15 23
8 13
19 14
4 25
13 25
4 26
4 27
9 12
14 25
4 28
19 15
4 29
5 16
15 24
10 12
16 23
20 15
5 17
16 24
9 13
18 14
16 22
5 20
13 22
16 14
15 25
5 18
16 25
22 18
5 19
15 14
22 20
5 21
13 23
8 14
17 23
10 13
18 15
5 22
17 24
5 23
9 14
17 15
18 23
5 24
5 25
5 26
5 27
19 16
5 28
20 16
5 29
6 11
6 12
20 17
6 13
21 21
6 14
22 19
6 15
21 18
6 16
6 17
14 21
16 15
8 15
18 16
12 22
10 14
12 23
8 16
17 22
9 15
18 22
6 18
19 17
6 20
19 22
21 19
6 19
21 20
6 21
20 18
6 23
20 21
6 24
10 15
15 15
6 25
6 26
6 27
6 29
15 21
6 28
8 17
7 11
7 12
19 18
17 16
6 22
7 13
18 17
7 14
7 15
19 21
7 16
20 19
7 17
20 20
7 25
16 21
7 24
7 26
17 21
7 27
18 21
7 19
18 18
19 19
7 20
16 16
8 18
17 17
7 21
19 20
7 22
7 23
7 28
7 29
8 11
16 20
17 20
8 19
18 19
17 19
8 20
18 20
17 18
8 21
16 19
8 22
8 23
16 17
8 24
9 11
9 16
11 15
9 17
16 18
9 21
9 22
15 16
9 23
9 24
10 11
15 20
9 20
9 18
11 22
13 21
9 19
10 16
10 22
11 13
11 14
15 19
11 16
11 23
12 12
14 20
10 21
12 15
15 18
12 21
15 17
10 17
11 21
10 20
12 13
12 14
12 24
12 25
12 26
13 9
13 10
13 11
13 12
13 13
13 20
13 26
14 9
14 10
14 11
14 12
14 13
14 26
10 18
10 19
15 9
15 10
15 11
14 19
15 12
11 20
12 16
12 20
14 18
11 17
13 19
15 26
16 9
16 10
16 11
16 12
11 19
16 26
17 9
17 10
17 11
11 18
17 12
12 17
17 25
18 24
19 23
20 13
20 14
20 22
21 10
