150
0 1
0 21
3 9
8 0
15 23
21 15
3 10
7 26
8 1
0 2
0 22
10 15
18 15
0 3
0 23
3 11
7 27
8 2
9 0
10 16
18 19
18 16
1 21
0 4
18 17
0 24
18 18
1 22
4 11
7 0
7 28
8 24
8 26
13 15
0 25
1 1
6 11
17 19
1 2
4 9
4 10
8 25
14 15
2 21
2 1
3 21
17 18
5 0
5 9
17 15
1 23
1 24
5 1
12 15
13 14
1 25
5 10
0 7
2 22
1 7
6 0
2 23
5 11
14 18
14 19
2 24
2 25
2 2
17 16
17 17
3 22
13 16
13 17
3 23
15 15
3 24
6 1
14 16
16 15
3 25
5 2
14 17
6 2
0 5
1 3
13 18
4 22
0 6
4 23
6 9
15 16
4 24
15 17
4 25
15 18
15 19
16 16
1 6
16 17
16 18
2 7
16 19
3 8
11 15
4 21
5 21
5 22
5 23
5 24
5 25
6 10
2 3
7 1
7 2
7 8
7 9
7 10
1 4
7 11
7 24
7 25
8 27
8 28
9 1
1 5
9 2
2 6
9 11
9 12
2 4
21 29
9 13
27 21
9 14
9 15
9 24
9 25
9 26
9 27
9 28
10 11
10 12
10 13
2 5
3 7
25 11
28 19
10 14
29 27
10 17
