107
14 17
24 0
0 1
2 21
9 25
13 3
16 29
23 14
29 8
15 15
24 1
0 2
1 11
2 22
17 25
13 4
23 15
24 29
15 16
1 1
24 27
28 8
25 0
1 12
23 18
2 23
10 24
13 5
27 22
15 17
1 2
1 13
13 6
21 0
10 25
24 18
2 1
14 15
22 0
18 25
25 18
2 2
2 11
2 24
14 16
22 1
6 22
18 26
26 18
2 12
3 1
13 7
14 3
19 25
22 2
6 23
14 18
23 0
15 14
19 26
27 18
0 3
1 14
6 24
23 1
17 26
1 3
2 13
2 25
14 4
14 5
26 0
2 14
3 2
9 26
13 17
14 6
25 1
16 15
2 3
3 11
3 22
14 7
23 2
14 14
6 25
3 3
15 6
16 16
3 12
24 2
3 13
3 14
25 2
0 4
3 23
4 1
4 11
4 12
15 18
3 24
4 2
4 13
16 17
24 3
3 25
4 3
