161
0 0
4 24
15 25
27 3
27 14
0 1
0 16
5 24
15 26
27 4
28 14
0 2
0 17
7 21
15 27
28 3
29 14
1 0
1 16
15 28
28 4
1 1
1 2
8 20
4 16
6 16
7 16
8 21
0 18
0 19
0 20
1 13
1 14
7 20
1 15
1 17
2 0
2 1
2 2
2 13
2 14
5 21
6 21
2 15
3 13
3 14
4 13
4 21
4 14
4 22
4 23
3 15
4 15
5 13
5 14
5 15
5 22
5 23
6 12
6 20
1 20
6 13
2 20
6 14
6 15
6 22
6 23
2 16
6 24
3 16
7 12
7 13
7 14
7 15
7 22
7 23
7 24
8 2
8 3
8 4
8 5
8 6
8 12
8 13
1 19
3 20
5 20
8 14
1 18
8 15
8 16
8 17
8 18
8 19
8 22
8 23
8 24
9 2
9 3
9 4
9 5
9 6
9 12
9 13
4 20
2 17
3 19
5 16
2 18
2 19
9 14
9 15
9 16
10 2
10 3
10 4
10 5
10 6
10 12
10 13
10 14
3 18
10 15
10 16
10 17
10 18
10 19
10 20
10 21
3 17
11 2
4 19
5 19
11 3
11 4
11 5
11 6
11 17
11 18
11 19
11 20
11 21
4 17
11 24
4 18
11 25
5 17
5 18
6 17
7 17
6 19
7 19
11 26
11 27
11 28
12 2
12 3
12 4
12 5
12 6
12 11
