91
17 19
0 17
14 9
17 28
18 2
22 11
27 27
17 20
0 18
27 21
0 19
13 28
27 24
0 20
14 28
21 11
27 25
0 21
17 2
19 2
18 19
28 24
1 17
10 25
14 10
28 25
1 18
10 26
17 29
20 2
18 20
29 24
1 19
19 19
20 3
19 20
29 25
20 11
10 27
1 20
21 2
21 3
16 19
22 12
1 21
10 28
20 20
17 11
20 19
2 17
11 26
14 11
2 18
11 27
15 19
18 11
17 3
18 21
15 11
19 11
2 19
11 28
14 12
2 20
12 27
18 3
16 20
15 10
2 21
12 28
19 22
3 17
13 29
16 11
14 29
20 22
3 18
19 3
21 4
21 12
15 29
20 12
3 19
14 19
3 20
16 10
16 29
15 20
3 21
17 21
17 10
