197
5 22
0 4
0 13
8 3
8 11
15 21
16 3
24 4
26 16
0 5
0 14
2 22
8 12
13 24
4 21
8 13
16 21
17 3
24 5
25 4
26 17
26 18
0 6
4 22
14 24
4 23
14 25
8 14
18 3
24 6
26 4
26 19
27 16
27 17
0 7
15 24
4 25
6 13
15 25
9 11
4 26
13 25
18 5
18 6
26 5
27 18
27 19
0 8
5 23
7 12
5 25
7 13
5 26
9 12
9 13
14 21
14 22
14 23
18 7
19 3
19 5
26 6
27 4
0 15
9 14
6 22
7 11
15 22
6 23
15 23
16 22
19 6
27 5
0 16
1 4
1 5
1 6
16 23
19 7
0 17
1 7
16 24
27 6
1 8
6 25
16 25
25 5
1 13
28 4
1 14
2 4
2 5
6 26
7 14
20 3
2 6
28 5
2 21
2 25
20 5
20 6
1 15
2 7
2 26
28 6
2 27
6 14
7 22
12 24
12 25
20 7
25 6
1 16
1 17
7 23
5 21
2 29
2 28
3 4
6 12
3 5
2 13
3 21
3 6
3 22
3 7
3 25
3 26
3 27
2 16
8 22
3 28
3 29
4 4
4 5
4 6
6 21
4 7
2 8
4 24
4 27
2 17
4 28
8 23
4 8
3 8
5 12
7 21
2 9
8 21
2 18
6 11
2 19
2 20
6 10
6 20
2 12
8 20
3 9
3 20
3 12
4 29
5 24
4 9
5 27
4 12
5 28
5 29
6 24
5 8
6 27
5 9
6 28
7 20
5 20
6 8
5 10
4 20
2 10
5 11
7 19
8 19
2 11
3 19
3 10
6 19
3 11
4 10
4 19
4 11
5 19
3 18
23 16
6 9
23 17
16 13
6 29
