107
16 16
0 0
0 27
9 3
11 25
17 2
25 20
27 28
16 17
1 0
0 28
18 2
24 8
9 4
25 21
27 0
15 15
24 9
0 29
24 10
11 26
17 3
19 27
15 16
1 27
25 8
2 10
11 27
17 4
19 28
19 29
0 1
1 28
11 28
26 20
15 17
11 29
25 9
2 11
1 1
3 10
9 5
16 15
3 11
1 29
25 10
2 12
8 3
0 2
2 25
17 16
2 0
3 12
12 25
25 6
16 3
17 17
17 5
2 26
3 13
1 2
3 14
2 27
4 11
13 13
15 27
25 7
8 4
2 28
13 14
15 28
26 6
0 3
2 29
4 12
15 29
26 7
12 13
16 2
18 0
2 1
26 8
4 10
3 25
13 15
26 9
3 26
12 14
12 26
4 13
12 27
16 4
18 1
2 2
16 5
5 12
13 16
19 18
24 7
26 10
1 3
3 0
5 11
13 17
27 6
3 1
9 6
