296
1 1
15 14
0 9
0 27
5 18
10 25
18 22
22 29
16 14
0 0
0 10
0 28
0 1
0 11
0 29
5 19
15 13
1 0
20 22
9 3
16 13
21 21
0 2
0 12
9 4
17 13
9 5
20 23
1 27
1 28
1 29
5 20
6 18
17 14
1 10
1 11
2 0
9 6
15 15
21 22
21 23
1 12
2 27
2 28
6 19
6 20
7 18
9 7
1 2
22 21
18 14
0 3
0 13
2 29
22 22
16 15
2 1
19 14
8 4
22 23
1 9
15 16
1 13
8 3
2 11
5 21
6 21
9 8
10 26
17 15
7 19
1 3
9 11
16 16
2 10
18 15
2 12
3 1
20 21
4 1
2 13
19 15
5 1
3 11
6 22
7 20
7 21
7 22
8 19
2 2
8 20
10 11
17 16
15 17
8 21
10 3
10 27
16 17
8 22
5 22
17 17
9 9
8 18
1 4
9 19
9 10
2 3
3 2
9 20
3 12
9 21
4 2
8 11
5 2
4 11
7 3
9 18
6 3
4 12
3 3
3 13
4 3
5 3
5 11
9 22
10 4
9 12
10 12
10 28
2 4
8 12
10 29
1 5
5 12
10 5
6 12
10 6
3 10
10 7
10 8
10 9
10 10
3 4
11 8
2 9
9 13
11 9
2 5
10 13
11 10
4 4
7 12
7 4
6 13
11 11
11 25
11 26
11 27
11 28
11 29
12 8
12 25
12 26
12 27
12 28
12 29
13 16
5 4
8 5
7 13
12 12
6 4
7 15
6 14
3 5
6 15
7 14
8 6
8 9
8 13
8 14
7 5
4 5
8 15
9 14
9 15
10 14
10 15
5 5
6 5
8 7
11 12
12 9
3 9
12 10
4 10
12 11
13 13
3 8
13 14
7 6
13 15
6 11
13 17
13 25
13 26
13 27
13 28
13 29
14 13
14 14
5 10
14 15
14 16
14 17
14 25
14 26
14 27
14 28
14 29
15 11
15 12
7 11
5 6
6 10
8 10
15 18
16 11
16 12
16 18
17 11
17 12
17 18
18 11
18 12
18 13
18 16
18 17
18 18
18 19
18 20
18 21
18 23
19 11
19 12
19 13
19 16
19 17
19 18
19 19
19 20
19 21
19 22
19 23
20 19
20 20
20 24
20 25
20 26
20 27
20 28
20 29
21 19
21 20
21 24
21 25
21 26
21 27
21 28
21 29
22 19
22 20
22 24
22 25
22 26
22 27
22 28
23 21
23 22
23 23
23 24
23 25
23 26
23 27
23 28
23 29
24 21
24 22
24 23
24 24
24 25
24 26
24 27
24 28
24 29
27 27
