293
1 12
5 20
10 7
15 20
18 9
20 1
0 2
6 28
22 25
23 16
26 7
2 12
10 8
0 3
6 29
15 21
14 29
22 26
26 6
26 17
7 20
0 4
0 20
7 28
8 4
8 5
11 13
19 1
22 27
20 0
23 17
0 11
0 21
9 4
22 28
23 15
0 12
0 22
1 2
7 29
15 18
17 9
16 20
18 8
22 1
19 9
21 0
0 23
1 3
1 11
23 1
1 13
2 11
8 28
9 5
10 13
15 19
19 10
0 24
2 2
3 12
8 29
22 0
10 4
19 11
1 20
16 19
10 5
16 29
21 1
19 28
23 18
23 25
20 9
0 10
1 21
9 6
9 28
19 29
22 29
21 9
16 21
1 4
1 22
8 27
9 29
22 9
1 10
9 7
9 15
10 28
17 19
20 28
23 2
2 3
1 23
9 27
10 6
17 20
22 2
0 5
18 20
1 14
9 8
2 22
10 27
10 29
17 10
21 2
2 20
9 12
23 3
1 24
2 13
3 2
9 16
0 6
12 27
19 20
10 9
12 28
1 5
2 21
12 29
17 18
20 2
14 28
16 18
2 4
2 23
9 13
11 7
15 29
17 17
18 18
19 2
0 8
3 20
13 29
18 10
22 3
21 3
4 2
4 20
10 10
16 28
10 11
18 11
0 9
3 21
18 17
20 3
11 8
13 28
18 19
1 6
2 24
15 28
18 21
5 21
1 9
19 5
2 10
9 14
10 12
19 21
3 22
11 9
20 5
19 17
1 8
4 21
13 27
19 3
3 3
10 14
14 27
19 8
17 21
3 19
4 3
11 10
19 13
21 5
10 15
3 23
1 15
2 5
3 4
3 24
13 7
2 14
4 22
5 22
11 11
2 6
6 21
11 12
12 7
17 8
1 16
5 23
4 4
2 8
13 9
4 23
5 24
3 13
11 14
13 8
3 5
6 4
17 7
2 9
4 24
6 27
11 16
12 8
13 10
2 15
6 23
4 5
12 9
17 6
2 16
6 24
3 6
3 14
7 4
7 24
14 8
7 27
14 9
8 20
4 12
14 10
8 21
4 13
6 22
7 21
12 10
7 23
13 6
14 7
8 24
3 15
6 20
13 15
4 6
4 14
7 22
12 11
4 19
5 13
5 14
6 5
7 5
7 19
8 6
8 22
4 15
8 23
9 20
9 21
9 22
3 16
7 15
5 15
8 7
3 18
5 19
6 6
6 15
6 19
7 6
7 16
8 8
9 23
9 24
4 16
3 17
7 18
7 7
27 16
10 16
11 15
6 7
12 13
4 18
12 12
5 16
29 24
7 17
