160
0 0
0 8
3 18
14 22
23 12
0 9
1 0
7 18
4 1
14 23
23 13
0 10
9 10
13 12
14 24
17 20
23 14
0 1
0 11
1 1
1 9
9 11
1 10
17 21
17 22
23 15
2 0
10 12
2 1
17 23
23 16
3 17
10 13
3 1
11 12
2 9
11 13
4 2
17 24
18 20
18 21
1 11
9 13
3 0
12 12
7 17
2 10
9 14
18 22
18 23
0 2
1 2
12 13
9 15
1 8
10 15
2 2
11 15
3 2
13 13
18 24
21 21
21 22
21 23
21 24
2 11
3 16
4 3
4 0
9 16
4 17
0 3
4 18
1 3
10 16
2 3
11 16
5 1
9 12
3 3
7 16
5 2
3 14
5 3
3 15
4 16
5 4
5 16
0 7
7 15
1 4
1 5
7 14
1 6
2 4
2 5
5 14
1 7
6 14
2 6
3 4
3 5
3 6
4 4
4 5
4 6
4 14
4 15
5 5
5 6
5 15
2 7
5 17
5 18
2 8
6 15
6 16
3 7
6 17
6 18
7 13
7 19
3 8
8 10
4 7
8 11
8 12
8 13
8 14
8 15
5 7
8 16
3 9
8 17
4 8
8 18
3 10
8 19
4 9
3 11
5 8
5 9
6 13
9 9
9 17
4 10
9 18
4 11
9 19
10 9
10 10
10 11
10 14
10 17
5 10
10 18
20 2
10 19
28 0
10 22
