330
15 21
0 0
0 8
0 24
8 14
9 27
15 3
16 11
19 28
26 8
26 16
1 24
8 15
9 28
15 20
1 8
26 9
1 0
8 16
16 20
12 29
16 3
27 8
27 16
0 12
0 20
2 0
17 20
2 8
13 29
16 4
28 8
0 21
18 20
5 0
16 7
28 16
0 22
7 15
7 16
9 29
10 28
17 11
19 20
6 0
26 12
0 23
8 17
17 3
3 0
16 21
7 0
1 9
7 1
12 28
17 4
26 15
1 21
17 21
0 13
1 22
8 0
18 3
27 9
1 23
13 28
8 1
17 7
18 21
1 7
18 4
18 22
8 2
27 12
27 15
0 16
2 24
8 18
17 22
18 7
28 9
0 1
8 3
19 3
19 4
28 12
28 15
0 2
0 14
2 22
16 22
19 11
0 4
0 15
2 23
3 23
9 4
18 23
19 7
0 5
3 24
6 14
9 0
10 27
10 29
17 23
18 24
19 9
0 6
19 10
1 12
3 22
9 1
11 27
4 0
11 28
8 8
11 29
9 2
12 14
12 15
12 27
0 7
2 21
10 4
17 24
1 1
8 4
1 13
2 9
11 4
12 16
14 14
14 28
1 4
1 20
14 20
2 12
9 3
16 23
1 2
1 5
1 14
13 27
1 6
1 15
9 5
9 6
9 8
12 17
10 7
13 15
14 15
14 27
2 13
3 21
16 24
2 14
6 1
1 16
2 1
10 8
11 8
2 20
14 24
2 2
2 15
10 5
13 14
13 25
3 1
15 23
2 16
3 20
14 16
15 24
4 14
2 4
4 15
10 6
13 16
4 16
13 24
4 1
4 17
14 25
5 14
14 29
11 6
13 18
4 18
9 7
15 4
15 8
15 22
2 5
3 2
5 15
11 7
14 17
5 1
5 16
15 9
14 21
2 6
14 23
5 17
8 5
6 15
8 6
2 7
6 16
13 17
5 18
15 5
14 18
7 2
13 23
3 4
6 17
15 6
15 10
14 22
4 2
3 9
6 18
7 14
15 11
15 14
15 15
15 27
6 2
7 17
15 16
15 25
7 3
15 17
7 6
7 18
8 7
12 18
15 18
15 28
3 5
15 29
4 3
16 0
16 1
16 2
16 5
16 6
5 2
16 8
16 9
16 10
16 14
7 4
16 15
3 8
4 4
7 5
7 8
16 16
16 17
16 18
16 25
16 27
16 28
3 6
16 29
13 21
17 0
17 1
17 2
17 5
17 6
17 8
17 9
17 10
17 25
5 3
18 0
13 22
18 1
18 2
18 5
6 3
18 6
5 4
5 5
6 4
7 7
18 8
4 5
18 9
11 5
18 10
18 11
19 0
19 1
19 2
19 5
19 6
19 8
19 12
19 13
19 21
19 22
19 23
19 24
19 26
19 27
19 29
20 0
20 1
20 2
20 3
20 4
20 9
20 10
20 11
20 12
3 7
20 13
4 9
20 26
20 27
20 28
20 29
21 3
