241
7 16
1 7
5 0
10 27
14 20
17 0
18 27
20 14
27 3
29 28
0 20
6 0
19 27
6 26
7 14
21 14
5 1
20 26
27 4
27 5
27 20
0 21
0 29
1 8
27 6
7 0
7 15
6 27
20 27
27 21
1 9
8 16
8 14
27 7
0 19
0 22
8 17
0 23
5 2
7 27
19 26
6 1
6 2
7 25
21 15
28 4
1 10
8 15
21 16
7 26
21 26
22 14
28 5
28 6
1 11
8 18
21 17
21 25
22 15
28 7
29 4
0 24
2 0
2 1
21 27
7 17
22 16
3 27
22 25
4 26
29 5
29 24
2 2
22 17
22 27
29 6
2 7
2 10
7 18
23 14
29 7
0 25
2 8
27 23
6 17
21 24
23 15
23 16
0 26
24 15
0 27
22 26
0 28
2 9
6 16
27 24
3 25
4 16
22 24
3 26
4 17
23 17
6 15
4 25
3 0
3 1
3 2
3 7
24 14
24 16
5 17
6 25
3 8
4 0
25 24
24 17
1 24
5 16
26 23
1 25
6 14
27 22
1 26
28 24
1 27
1 29
3 9
25 23
2 11
1 23
4 14
21 23
3 24
4 15
22 23
23 23
4 24
5 14
5 15
24 23
1 28
7 24
26 22
26 20
2 23
3 10
3 11
4 1
4 2
4 8
5 3
6 3
7 1
7 2
8 0
8 1
25 22
2 24
6 18
23 22
6 24
25 20
26 21
1 19
2 25
2 27
4 9
4 10
4 11
5 9
7 3
8 2
25 21
2 26
1 22
24 21
24 22
2 28
23 21
2 19
2 29
1 20
3 19
3 28
3 29
1 21
4 7
4 13
4 18
4 27
5 7
5 8
5 10
5 11
5 13
5 18
5 24
5 25
5 26
5 27
6 13
6 19
7 13
7 19
8 3
8 13
8 19
8 20
8 23
8 24
8 25
8 26
8 27
9 0
9 1
9 2
9 3
9 16
9 17
3 23
9 18
9 19
9 20
9 23
9 24
9 25
2 20
9 26
9 27
2 22
2 21
10 16
10 17
10 18
10 19
10 20
10 23
10 24
10 25
10 26
12 27
