206
0 15
8 13
8 21
13 0
18 20
21 1
0 0
0 16
0 24
18 21
21 2
8 14
0 25
19 21
21 3
8 15
0 1
19 22
7 6
0 2
8 5
9 5
0 17
21 4
0 3
0 26
19 23
21 5
1 0
8 4
0 18
19 24
22 1
1 26
8 6
1 25
0 4
0 19
7 7
0 23
20 21
20 22
22 2
22 3
1 1
1 16
6 8
1 17
2 25
6 9
7 8
1 23
20 23
20 24
21 21
21 22
22 4
22 5
1 2
1 18
7 9
1 24
8 7
2 16
8 8
2 17
21 23
21 24
22 21
22 22
1 3
2 23
8 9
9 6
2 24
22 23
22 24
23 25
1 4
0 20
1 15
2 0
2 1
6 7
0 21
0 22
2 2
1 19
2 3
1 20
1 21
1 22
5 12
2 4
2 22
2 15
5 2
2 20
5 3
2 21
5 4
2 26
5 13
7 5
4 5
6 2
3 16
6 5
5 5
4 6
6 6
4 16
4 7
4 17
4 8
4 21
5 7
4 22
5 8
4 23
4 24
6 3
5 24
6 4
5 23
7 2
5 16
7 3
5 22
7 4
6 12
5 6
5 15
5 21
4 20
8 2
3 20
7 12
16 12
8 3
28 15
17 12
8 12
29 15
29 16
6 16
16 11
5 14
6 13
6 14
6 15
6 21
9 2
29 17
16 13
6 22
27 29
9 3
17 13
9 4
27 15
6 23
9 7
18 12
6 24
28 16
9 8
18 13
7 13
7 16
7 14
7 15
7 20
9 9
26 29
7 21
29 18
9 12
19 13
7 22
9 13
27 28
7 23
28 17
7 24
17 11
3 17
23 1
10 5
29 19
10 6
19 12
8 16
23 2
5 20
8 20
2 19
23 3
10 7
25 29
8 22
27 16
6 20
2 18
18 11
10 8
