131
0 8
5 27
7 3
12 20
17 27
23 4
26 22
0 17
5 28
7 4
11 11
15 3
27 22
0 9
0 18
5 29
15 4
19 26
0 19
19 27
1 8
6 27
10 11
18 5
17 5
0 20
19 28
2 8
6 28
10 10
12 21
13 20
18 6
20 26
20 27
0 10
1 18
19 6
1 17
18 2
19 25
0 11
14 3
17 6
20 25
20 28
0 12
22 4
0 16
21 25
1 9
11 7
18 3
21 26
1 10
18 4
21 27
1 11
19 5
21 28
18 7
23 24
1 16
1 19
1 20
2 20
3 3
3 4
4 3
18 8
18 9
23 25
23 26
2 9
19 7
19 8
2 10
19 9
2 11
20 6
21 4
2 16
21 5
2 17
2 18
12 7
2 19
22 5
3 5
22 6
3 6
3 7
3 20
4 4
5 3
13 7
14 4
3 8
14 5
3 9
14 7
21 6
3 16
15 5
3 17
3 18
15 6
3 19
4 5
15 7
4 6
4 7
16 5
4 8
16 8
16 9
4 9
1 12
17 7
5 4
2 12
5 5
16 6
5 6
16 7
5 7
17 8
17 9
6 3
26 13
3 11
