160
0 0
14 0
15 13
18 21
27 0
7 6
0 1
20 20
13 0
7 7
0 2
6 8
20 21
11 0
7 8
20 22
21 19
6 9
0 3
8 6
21 20
21 21
7 9
21 22
10 0
0 4
1 0
17 15
1 1
8 7
8 8
22 20
22 21
22 22
1 2
9 4
21 18
23 21
8 9
10 1
23 20
1 3
9 5
23 22
9 9
17 16
17 17
1 4
18 15
2 0
11 1
18 16
20 23
2 1
9 6
9 7
18 17
18 18
21 24
2 2
9 8
10 2
10 3
10 4
18 19
19 15
19 16
19 17
23 24
2 3
10 5
10 6
19 18
19 19
2 4
19 20
3 0
11 4
10 7
19 21
19 22
20 18
3 1
5 8
10 8
11 2
11 3
20 19
20 24
21 23
22 18
22 19
3 2
3 3
3 4
9 2
9 3
22 23
22 24
23 23
24 20
24 21
3 5
24 22
3 6
3 7
4 0
4 1
6 7
5 7
8 5
4 6
4 7
8 4
4 2
4 5
4 8
5 9
7 0
7 1
8 0
8 1
4 4
8 2
5 6
8 3
9 0
9 1
10 9
4 3
11 5
11 6
11 7
11 8
12 0
6 6
5 4
5 5
12 1
12 2
12 3
12 4
13 1
5 3
6 5
13 2
13 3
13 4
14 1
14 2
6 2
6 4
14 3
6 3
14 4
15 14
15 15
15 16
15 17
16 0
