237
14 2
1 12
7 28
14 23
27 22
13 2
13 23
27 23
0 22
0 23
0 24
27 24
1 13
6 9
6 10
13 3
7 9
13 24
13 25
14 0
14 1
3 24
7 10
14 3
3 25
8 9
28 22
8 10
14 24
28 23
14 25
28 24
12 2
15 23
15 24
15 25
18 1
29 22
29 23
29 24
1 14
16 23
1 22
6 7
16 24
18 2
3 23
2 12
17 1
0 25
6 8
14 4
16 25
17 2
0 26
1 15
1 23
7 7
1 24
0 27
1 25
1 16
7 8
2 23
8 8
2 24
10 2
1 17
1 26
8 7
1 27
2 25
4 24
4 25
11 2
2 13
12 3
2 14
13 4
3 22
4 23
10 3
10 4
1 18
2 15
11 3
2 16
7 25
11 4
0 21
2 17
12 4
2 18
2 22
2 26
2 27
3 12
3 21
1 21
3 13
3 14
3 15
3 16
3 17
3 18
3 26
3 27
4 6
4 7
4 8
4 9
4 10
4 12
4 13
4 14
4 15
4 16
4 17
4 22
4 26
4 27
5 6
5 7
5 8
5 9
5 10
5 12
5 13
5 14
5 15
5 16
5 17
5 18
5 22
5 23
5 24
5 25
6 6
6 11
6 23
6 24
6 25
7 6
7 11
2 21
15 14
7 23
7 24
7 26
4 18
7 27
7 29
8 6
8 11
8 25
1 19
8 26
1 20
8 27
2 19
8 28
8 29
9 7
9 8
9 9
9 10
9 11
9 12
9 13
9 14
9 15
25 6
2 20
17 13
9 16
9 25
9 26
3 19
9 27
9 28
9 29
3 20
25 7
10 0
17 14
10 1
26 3
10 5
10 6
10 7
10 8
10 9
10 10
10 11
10 12
10 13
10 14
4 21
18 13
26 4
18 14
10 15
26 5
18 15
10 16
10 25
10 26
4 19
10 27
10 28
4 20
26 6
19 13
10 29
26 7
11 0
11 1
11 5
11 6
11 12
11 13
11 14
11 15
19 14
11 16
19 15
11 25
11 26
5 19
11 27
11 28
11 29
12 0
12 1
12 5
12 6
12 7
