139
5 0
1 10
1 22
6 29
20 0
23 17
27 10
5 1
11 18
1 11
7 28
20 1
23 18
26 10
5 2
11 19
17 26
2 20
7 29
20 2
23 19
28 10
5 3
1 12
2 21
8 28
17 27
10 18
6 0
4 11
4 12
12 18
12 19
18 26
3 20
8 27
6 1
2 11
1 23
8 29
13 18
16 26
20 3
21 0
21 1
21 19
6 2
18 27
2 22
5 11
19 26
6 3
13 19
19 25
5 12
19 27
0 0
3 22
8 0
20 27
4 13
0 1
20 26
8 1
1 13
1 24
1 25
2 10
20 25
0 2
8 2
1 14
9 26
17 25
8 3
2 12
6 28
18 25
3 21
0 3
5 13
20 23
1 0
4 22
1 1
4 14
1 2
2 0
1 26
2 1
2 13
18 24
2 2
2 14
17 24
3 0
2 19
2 23
19 23
3 1
2 24
2 25
3 10
3 11
4 10
6 26
9 27
6 11
9 29
10 28
10 29
18 23
9 0
3 2
4 0
4 1
4 2
5 14
5 22
7 0
7 1
7 2
7 3
16 23
16 24
16 25
17 23
18 21
18 22
1 3
2 3
2 4
3 3
4 3
2 18
2 26
3 12
6 4
3 13
