239
13 10
0 0
15 18
18 26
21 11
27 26
29 13
9 3
0 1
11 11
15 19
18 0
26 4
20 27
21 12
28 16
0 2
8 0
18 1
18 2
27 3
18 27
13 11
28 17
8 1
27 4
8 2
11 12
21 27
27 5
12 10
22 27
28 15
9 0
19 0
29 15
19 1
26 5
12 11
27 6
1 0
9 2
15 20
21 26
29 16
17 18
26 3
10 2
12 12
20 26
27 16
29 17
1 1
21 25
26 6
1 2
10 3
22 25
9 1
12 9
23 3
12 13
20 25
21 13
27 17
2 0
13 9
22 2
22 26
2 1
21 14
22 3
23 25
23 26
2 2
10 0
11 10
22 13
24 3
10 1
11 13
24 25
25 4
26 15
11 0
14 10
24 26
25 5
11 1
16 18
25 3
26 16
11 2
16 19
26 17
11 9
16 20
19 2
12 0
27 7
17 20
13 12
22 12
12 1
23 4
14 9
22 14
15 10
22 4
6 2
17 19
24 4
27 15
14 11
6 3
18 17
25 6
7 2
18 19
13 13
18 23
18 24
19 3
19 26
8 3
24 5
6 4
16 10
26 7
7 3
20 13
18 25
19 4
6 7
18 18
19 23
19 25
23 5
19 24
11 3
22 5
18 20
14 12
15 11
6 5
7 4
24 6
8 4
13 14
19 16
19 27
20 0
19 18
9 4
20 1
6 6
19 17
20 2
10 4
19 19
20 3
12 2
20 4
16 11
20 23
23 6
7 5
20 14
8 5
15 17
23 7
15 12
20 24
7 6
22 6
7 7
18 16
9 5
19 5
14 13
14 14
8 6
10 5
16 12
20 12
8 7
15 16
12 3
16 16
9 6
16 17
17 11
17 16
15 13
19 6
19 20
20 28
20 29
21 0
21 1
21 2
21 3
10 6
9 7
15 14
16 14
17 14
17 17
20 5
29 18
20 6
28 18
29 19
20 16
27 25
21 4
28 19
16 13
21 5
29 14
10 7
17 12
17 13
18 14
19 11
19 12
19 13
19 14
20 11
20 15
21 6
21 7
21 10
21 15
15 9
21 16
27 24
26 26
21 17
