194
21 6
0 8
0 24
7 28
8 7
8 20
15 12
16 20
20 27
23 14
27 21
28 1
7 29
8 8
17 0
9 16
16 21
23 15
23 6
0 9
0 17
2 26
9 7
10 28
16 22
23 16
17 1
1 8
8 16
10 29
23 7
0 18
2 27
8 17
22 7
0 10
0 19
19 3
0 11
0 20
19 4
19 5
0 12
0 21
20 3
0 22
20 4
2 24
20 5
0 23
1 9
2 8
21 7
1 10
1 11
21 5
1 20
22 8
1 19
21 8
2 20
1 12
22 6
1 21
0 16
19 6
19 7
0 14
1 22
20 6
1 23
20 7
21 3
21 4
1 14
1 24
2 9
22 4
2 10
1 18
22 5
2 19
3 19
23 4
23 5
23 8
0 15
2 11
2 12
2 21
2 22
2 14
2 23
2 25
2 28
3 8
3 9
3 18
3 10
3 11
3 12
3 20
3 24
3 25
3 26
3 27
3 28
4 16
4 18
4 19
4 24
1 16
1 15
4 17
4 25
2 16
3 16
4 26
4 27
4 28
5 7
5 8
1 17
2 18
5 9
2 17
3 17
5 10
5 11
5 16
5 17
5 18
5 19
5 24
5 25
5 26
5 27
5 28
6 7
6 8
2 15
6 9
6 10
6 11
6 24
6 25
6 26
6 27
6 28
7 7
7 8
7 9
21 27
7 10
7 11
7 16
7 17
7 18
7 19
7 20
7 26
7 27
8 9
8 10
8 11
8 18
8 19
8 26
8 27
8 28
8 29
9 8
9 9
9 10
9 11
9 17
9 18
9 19
9 20
9 26
9 27
9 28
9 29
10 16
10 17
10 18
10 19
10 20
28 21
10 26
22 27
10 27
29 13
3 14
