164
1 2
2 10
7 26
8 16
9 5
0 0
0 1
0 2
1 0
1 1
2 0
2 1
3 9
3 10
3 0
4 9
4 10
3 1
4 1
5 9
5 10
6 9
6 10
2 2
0 3
17 17
17 18
17 19
17 20
17 21
18 21
19 21
20 21
21 21
2 9
3 11
3 12
3 2
4 0
4 2
4 11
4 12
1 3
5 1
0 4
5 2
5 11
2 3
5 12
3 3
4 3
5 3
6 11
6 12
1 4
4 8
0 5
3 8
7 11
2 4
3 4
0 6
1 5
2 8
7 12
4 4
5 4
1 6
7 27
7 28
7 29
8 13
2 5
8 14
8 15
8 17
8 26
8 27
8 28
8 29
9 6
9 7
9 8
9 9
9 13
9 14
3 5
2 6
9 15
9 16
9 17
9 26
9 27
9 28
9 29
10 5
2 7
10 6
10 7
10 8
10 9
10 13
10 14
10 15
10 16
10 17
10 26
10 27
10 28
10 29
11 5
3 6
4 5
11 6
3 7
11 7
11 8
11 9
11 13
11 14
4 6
4 7
5 5
5 6
6 6
11 15
11 16
11 17
11 26
11 27
11 28
11 29
12 5
12 6
12 7
12 8
12 9
12 13
5 8
5 7
6 7
12 14
12 15
12 16
12 17
13 5
13 6
13 7
13 8
13 9
13 17
13 18
13 19
13 20
13 21
14 9
14 10
14 11
6 8
14 12
20 29
14 13
23 1
14 17
