108
8 2
8 10
8 18
8 26
17 2
17 10
17 18
17 26
26 2
0 0
0 1
0 8
0 9
0 16
0 17
0 24
0 25
7 29
8 0
9 10
9 18
16 2
16 26
18 10
8 1
8 27
16 18
0 26
8 9
8 19
16 10
16 27
0 2
0 10
0 18
8 28
9 0
17 0
17 1
18 0
18 18
8 8
8 17
8 29
16 28
17 14
0 6
0 22
8 20
16 29
0 7
0 23
7 28
8 11
9 1
16 14
18 1
0 14
9 2
1 0
17 9
17 27
0 15
4 29
8 12
8 21
17 11
17 28
1 1
9 9
10 0
6 29
16 19
17 29
17 6
17 17
1 2
1 14
17 22
1 6
5 29
7 20
7 10
1 16
1 26
2 0
9 6
8 22
1 15
1 25
2 1
1 17
4 28
8 7
3 0
8 14
1 18
5 28
9 7
2 2
1 10
8 6
25 14
25 22
25 5
2 26
25 26
2 18
