176
2 1
2 10
10 19
14 26
17 5
17 14
2 2
2 11
0 19
2 27
10 0
10 9
10 18
14 27
0 0
0 10
1 19
2 28
14 28
17 4
17 13
0 1
0 11
2 29
9 18
14 29
18 0
0 2
10 17
0 18
1 10
3 27
14 25
15 0
17 12
10 8
1 0
3 28
9 17
0 20
1 11
9 0
11 27
16 10
1 1
3 29
11 28
16 0
1 2
8 18
9 8
14 1
0 12
2 0
4 27
9 16
11 29
13 1
10 16
12 26
14 0
0 13
3 1
4 28
14 16
14 2
4 29
0 14
14 17
4 1
11 8
0 16
2 26
10 7
0 17
0 26
6 0
11 16
10 26
14 8
2 25
0 8
14 19
0 4
0 25
1 12
8 0
5 27
10 27
14 23
1 4
10 10
1 14
10 1
14 10
0 22
10 20
0 6
0 23
1 13
9 1
6 29
9 10
11 17
0 5
1 16
5 29
11 1
10 28
14 20
0 24
2 14
10 2
1 5
1 18
1 20
1 26
9 19
14 11
1 8
1 22
7 0
9 20
10 29
1 24
11 2
10 25
1 17
2 3
11 9
14 22
14 7
1 23
1 25
8 19
8 1
10 11
2 9
11 10
6 1
2 12
14 4
2 24
2 4
2 8
2 13
3 2
3 26
5 28
10 12
14 5
14 13
0 7
2 16
10 22
5 1
6 28
9 2
1 6
2 15
6 27
10 3
10 15
10 21
10 13
2 17
14 14
1 7
10 24
11 3
2 18
11 11
7 1
10 14
2 5
2 20
