113
5 19
22 25
0 0
0 27
18 13
20 0
26 16
29 29
5 20
0 1
0 10
0 28
20 24
21 13
0 11
0 19
0 29
1 0
20 25
1 19
21 14
1 27
20 26
1 1
8 19
22 13
1 28
20 27
2 19
3 10
22 14
1 29
2 0
20 28
3 19
21 24
0 2
1 9
21 25
4 19
1 10
2 1
2 27
2 28
21 26
1 11
2 29
3 0
8 20
21 27
2 9
3 1
6 19
21 28
6 20
1 2
2 10
2 11
22 27
7 19
7 20
2 2
3 11
22 28
0 20
3 2
3 27
3 28
3 29
4 10
23 25
0 12
23 26
5 10
23 27
4 20
5 18
23 28
4 9
22 24
22 26
5 9
6 18
23 24
6 9
0 3
24 25
6 10
2 20
24 26
7 7
7 18
1 20
24 27
7 8
6 21
0 9
24 28
6 8
7 21
7 9
8 17
24 24
1 3
8 18
25 25
0 21
3 9
25 26
7 10
8 21
25 27
0 17
