119
11 1
11 2
11 3
11 4
12 1
12 2
12 3
12 4
13 1
13 2
14 1
14 2
2 11
2 12
2 13
2 14
2 15
3 11
3 12
3 13
3 14
3 15
4 11
4 12
4 13
11 0
4 14
11 5
4 15
12 0
12 5
13 0
13 3
13 4
14 0
14 3
14 4
15 1
15 2
3 1
12 13
15 26
25 9
26 22
3 2
12 14
25 10
26 23
3 3
12 15
25 12
26 24
12 16
25 13
27 22
13 13
26 9
27 23
13 14
26 10
27 24
3 4
13 15
26 12
13 16
26 13
27 12
4 1
27 13
12 12
28 12
3 5
13 12
28 13
4 2
29 12
4 3
11 16
29 13
1 13
11 15
1 14
4 4
1 15
11 13
11 14
1 12
4 5
5 1
11 12
1 11
5 2
10 16
5 3
15 0
10 15
15 3
15 4
5 4
10 13
10 14
15 5
5 5
10 12
14 5
13 5
5 13
5 14
5 15
5 12
12 6
5 11
12 7
10 3
10 4
11 6
11 7
2 23
23 0
