108
2 3
2 5
3 3
3 5
5 1
5 2
5 3
5 5
6 1
6 2
6 3
6 4
6 5
9 4
10 17
11 26
15 10
22 20
10 18
12 26
22 21
13 9
13 26
23 20
14 9
14 26
23 21
14 10
15 26
24 20
10 19
15 9
24 21
26 17
13 8
26 18
10 20
13 10
26 19
26 20
12 9
26 21
12 10
13 7
1 3
9 1
2 6
13 6
2 7
3 7
12 8
2 1
12 7
2 2
2 4
3 1
12 6
3 2
3 4
3 6
4 1
10 8
4 2
4 3
4 5
5 4
10 7
6 9
7 1
8 1
9 2
10 6
7 2
9 8
8 2
10 4
7 3
8 3
9 3
6 6
6 8
7 4
9 7
6 7
8 4
9 6
9 5
24 29
23 10
25 29
26 29
22 10
27 29
6 17
14 18
23 11
28 29
6 18
11 28
6 19
11 29
22 11
28 28
12 28
23 12
6 16
12 29
27 12
