158
9 25
10 25
3 6
20 26
4 6
4 20
5 6
8 27
9 27
5 20
10 27
6 20
10 26
11 25
5 21
6 21
6 23
7 20
7 21
7 23
7 24
7 25
7 26
7 27
8 24
8 25
8 26
9 24
9 26
10 24
21 10
22 0
22 18
19 26
22 1
22 10
23 18
21 26
22 2
23 10
24 18
1 3
5 10
22 26
23 0
25 18
6 10
23 1
23 26
26 18
2 3
23 2
21 11
24 0
26 19
1 4
20 25
24 1
1 5
22 11
24 2
1 6
25 0
25 19
2 4
21 12
25 1
2 5
23 11
25 2
26 20
2 6
3 3
20 24
22 12
2 28
3 4
3 19
25 3
25 20
3 5
21 13
3 7
20 22
22 3
23 12
3 10
20 23
23 3
3 20
4 3
22 13
22 22
24 3
4 4
4 19
11 28
23 22
3 28
4 5
23 13
24 22
4 7
2 27
4 10
5 19
10 28
5 3
11 27
5 4
22 20
5 5
6 19
23 20
5 7
24 20
7 19
9 28
11 26
24 19
3 27
23 19
7 28
8 28
22 19
8 20
4 21
11 24
6 27
10 23
4 22
9 21
8 21
4 23
9 23
5 22
5 23
6 22
6 24
7 22
8 23
19 29
20 29
19 10
19 11
19 28
0 28
20 28
20 10
21 0
21 28
0 16
20 11
21 1
21 29
21 2
22 28
29 18
