158
17 20
3 4
3 15
3 5
3 16
17 19
4 15
17 21
4 16
17 22
7 12
18 20
7 15
18 23
9 11
19 20
19 23
7 11
20 16
8 11
20 17
20 20
21 16
21 17
21 20
19 4
19 5
3 2
19 6
3 3
19 7
4 2
11 8
20 4
0 16
4 3
20 5
0 17
5 2
8 19
10 9
20 6
24 13
9 19
11 9
0 15
6 2
11 10
20 7
24 14
11 11
1 15
4 4
24 15
1 17
5 3
10 10
10 19
7 2
18 24
23 13
1 16
9 18
19 24
24 16
6 3
10 11
20 24
21 24
23 14
2 15
7 3
23 15
2 17
11 12
17 23
3 6
21 15
2 16
10 18
20 23
22 15
5 4
10 12
18 22
21 14
3 17
4 5
21 23
22 13
10 17
22 14
6 4
3 13
19 22
21 13
3 14
7 4
9 17
16 22
5 5
10 15
23 16
4 17
6 5
15 22
24 17
8 18
10 8
16 21
7 5
18 21
8 17
22 16
9 9
15 21
9 10
23 17
9 12
9 15
19 21
9 8
15 20
6 16
16 20
4 14
7 16
8 8
15 19
22 17
7 8
16 19
8 9
8 15
18 19
4 13
19 19
6 15
20 18
8 10
20 19
21 18
7 13
21 19
8 12
7 9
17 18
7 14
7 10
2 25
28 5
28 6
3 25
29 5
29 6
4 25
29 7
15 0
