113
0 6
5 17
20 25
0 7
6 17
20 26
1 6
20 27
1 7
20 28
2 6
21 25
2 7
21 26
2 9
21 27
21 28
23 15
24 15
3 19
25 15
3 20
27 19
3 21
14 22
4 17
4 19
0 5
4 20
14 23
0 8
4 21
8 14
20 29
0 9
15 22
21 29
1 5
5 18
22 26
1 8
5 19
14 24
22 27
1 9
5 20
22 28
2 5
5 21
14 25
23 26
2 8
6 16
23 27
3 6
6 18
15 23
23 28
3 7
6 19
16 22
6 20
6 21
23 25
3 9
7 16
15 24
7 17
8 16
15 25
2 10
8 17
18 21
22 25
8 15
16 23
3 10
5 16
16 24
7 15
16 25
6 15
17 25
7 14
18 22
18 25
19 25
5 15
19 26
19 27
19 28
6 13
6 14
5 13
5 14
4 13
0 29
12 7
19 2
26 6
1 29
15 9
2 29
15 10
22 2
3 29
16 10
22 3
16 11
22 4
24 14
0 28
8 1
