115
8 9
8 10
8 11
10 11
11 11
18 18
24 26
9 2
18 19
24 27
9 3
7 11
7 12
7 13
8 12
9 4
10 12
11 12
9 11
7 10
9 10
10 10
11 10
7 9
9 9
10 9
11 9
19 8
19 9
15 19
21 27
16 19
22 26
17 18
22 27
17 19
23 26
18 17
23 27
7 2
19 18
24 25
11 2
24 28
16 18
24 29
8 2
17 17
25 26
10 2
18 16
25 27
25 28
15 18
25 29
19 19
7 3
16 17
21 26
11 3
17 16
23 25
18 15
4 13
8 3
10 3
15 17
22 25
5 13
6 13
8 13
16 16
21 25
17 15
7 4
9 12
11 4
8 4
15 16
10 4
16 15
7 5
10 13
8 5
15 15
9 5
9 6
14 15
8 6
11 13
7 6
8 8
9 8
10 8
11 8
12 11
0 21
11 26
26 3
27 11
0 22
11 27
27 12
0 23
11 28
19 7
28 11
0 24
11 29
25 3
28 12
0 2
0 25
12 27
29 20
