104
10 25
11 25
6 14
14 6
14 7
8 25
8 26
8 27
9 25
9 26
9 27
10 24
10 26
10 27
11 24
11 26
11 27
12 25
0 21
19 21
0 22
5 14
20 15
0 23
6 11
13 6
20 16
1 21
6 12
13 7
20 17
6 13
14 5
23 19
1 22
7 14
14 8
24 19
7 15
14 9
1 23
8 15
15 6
19 22
15 7
6 15
16 6
18 21
2 22
8 14
16 7
9 15
17 6
18 22
2 21
17 7
2 23
9 14
9 28
10 23
13 8
10 28
11 28
12 28
8 28
13 9
12 27
11 23
12 26
9 24
12 24
13 24
13 25
14 24
14 25
7 27
8 24
7 26
7 25
7 24
0 3
23 0
25 8
0 4
22 29
26 8
0 5
22 0
26 9
27 21
1 3
21 29
27 7
27 22
1 4
21 0
27 8
2 3
27 9
27 20
2 4
20 29
27 23
28 12
