114
17 17
21 17
17 13
17 15
19 13
19 15
19 17
21 13
21 15
21 21
17 14
18 13
19 11
21 20
19 12
17 19
19 19
20 13
21 19
15 17
23 17
16 17
17 16
17 18
18 15
18 17
19 16
19 18
20 15
20 17
21 14
21 16
21 18
22 17
0 0
0 1
0 2
0 3
1 0
1 1
1 2
1 3
2 0
2 1
2 2
2 3
3 0
3 1
3 2
19 9
13 17
25 17
19 10
22 21
17 21
17 11
18 21
20 21
21 11
19 21
15 13
18 11
20 11
22 20
23 19
14 17
15 19
23 13
21 12
17 20
17 12
24 17
16 13
19 20
18 12
20 20
20 12
18 20
22 19
16 19
22 13
15 18
23 18
15 15
15 16
23 15
23 16
16 18
18 19
20 19
22 18
16 15
22 15
16 16
18 18
20 18
22 16
18 14
18 16
19 14
20 14
20 16
11 0
27 28
9 8
12 0
27 29
9 9
28 27
11 1
28 28
12 1
28 29
8 8
