98
14 17
24 0
15 15
24 1
15 16
24 2
15 17
25 0
16 15
25 1
16 16
25 2
17 15
17 16
18 15
18 16
2 4
6 22
17 25
26 18
2 5
6 23
17 26
27 18
3 4
6 24
18 25
3 5
6 25
18 26
4 4
7 22
19 25
25 18
4 5
7 23
19 26
7 24
22 0
7 25
22 1
24 18
8 23
22 2
8 24
23 0
8 25
14 15
23 1
23 18
9 24
14 16
23 2
9 25
15 13
24 3
15 14
25 3
8 22
16 13
26 0
9 23
16 14
26 1
26 2
10 24
16 17
10 25
17 13
17 14
9 22
17 17
10 23
18 13
18 14
10 22
18 17
15 18
14 18
11 21
15 19
14 19
1 13
13 3
29 10
1 14
13 4
2 13
13 5
28 10
2 14
14 3
3 13
14 4
27 10
3 14
14 5
24 29
