98
2 23
8 8
2 24
2 25
8 6
8 7
1 23
8 9
1 24
8 10
1 25
9 8
3 23
10 8
3 24
11 8
3 25
14 25
23 5
23 20
23 21
24 5
23 22
25 5
24 20
26 5
24 21
26 9
24 22
25 20
25 21
7 6
25 22
0 23
7 7
26 20
0 24
7 8
26 21
0 25
9 6
26 22
1 21
9 7
27 20
1 22
9 9
27 21
2 21
9 10
27 22
2 22
10 6
27 23
2 26
10 7
2 27
10 9
3 21
10 10
3 22
11 6
4 23
11 7
4 24
11 9
4 25
11 10
5 23
12 8
5 24
12 9
5 25
12 10
12 29
14 21
16 0
19 13
13 29
15 21
29 12
14 29
15 0
19 14
24 1
28 12
16 1
19 12
25 1
29 13
11 29
15 22
26 1
14 0
18 13
27 1
27 12
11 17
