156
5 22
6 22
6 11
14 24
6 12
14 25
4 22
15 24
5 20
15 25
5 21
5 23
6 20
6 21
6 23
5 19
6 19
7 22
7 23
8 22
8 23
16 3
24 4
26 16
24 5
26 17
2 8
24 6
26 18
3 8
25 4
26 19
4 8
16 21
17 3
25 5
27 16
5 10
16 22
25 6
27 17
5 11
16 23
26 4
27 18
6 10
16 24
26 5
27 19
7 11
16 25
18 3
26 6
8 11
18 5
27 4
9 11
18 6
27 5
9 12
15 21
18 7
27 6
15 22
28 4
15 23
28 5
5 12
28 6
4 20
7 12
19 3
4 21
8 12
14 21
19 5
4 23
9 13
14 22
19 6
4 25
14 23
19 7
4 26
5 25
8 13
5 26
9 14
13 25
20 3
6 13
6 25
20 5
6 26
7 13
20 6
13 24
20 7
8 14
6 14
7 14
12 25
12 24
4 19
7 21
7 20
8 21
7 19
8 20
8 19
10 3
0 4
9 3
1 4
11 3
0 5
23 16
8 3
23 17
16 13
24 16
0 6
24 17
1 5
2 29
10 4
16 14
24 18
2 4
24 19
11 4
15 13
24 20
0 7
3 29
15 14
25 16
28 2
9 4
16 12
25 17
28 3
4 29
17 0
25 18
28 7
0 8
7 3
16 11
18 0
25 19
28 8
5 29
15 27
25 20
0 13
