104
7 5
7 6
6 5
6 6
7 4
7 7
8 5
8 6
21 20
21 21
21 22
22 20
22 21
22 22
6 7
7 8
8 4
8 7
8 8
9 5
9 6
10 4
20 20
20 21
20 22
21 18
21 19
23 20
23 21
23 22
4 4
5 5
5 6
5 7
6 4
6 8
7 3
9 4
9 7
9 8
10 2
10 3
10 5
10 6
11 4
17 15
18 15
20 23
19 15
20 24
21 23
17 16
21 24
22 23
22 24
18 16
23 23
23 24
11 0
19 16
24 22
17 17
10 0
24 21
18 17
3 4
11 1
24 20
6 9
19 17
3 3
9 9
10 8
18 18
18 19
4 6
11 2
19 18
4 7
19 19
5 8
10 1
19 20
7 9
19 21
19 22
8 9
20 18
20 19
11 3
22 18
22 19
4 5
10 7
4 3
5 4
6 3
7 2
8 2
8 3
9 2
9 3
19 0
27 0
