115
12 19
21 4
2 14
9 3
19 12
19 27
29 5
1 24
11 11
24 20
27 28
0 0
13 19
10 1
19 13
20 3
29 6
2 23
8 29
16 27
25 20
27 29
0 1
10 2
10 21
20 4
20 13
0 15
9 29
26 19
28 8
28 28
0 2
0 24
10 3
11 20
17 26
21 3
1 12
26 20
28 9
28 29
0 3
0 25
20 12
11 2
17 27
12 11
1 15
29 0
7 29
29 28
0 4
17 28
20 0
27 17
29 1
10 11
11 19
8 28
29 29
0 23
1 0
9 1
18 26
20 1
28 10
2 12
12 20
18 12
27 18
0 26
1 2
29 2
10 0
20 2
2 13
9 19
18 27
29 27
14 11
27 19
9 28
1 23
29 9
11 1
19 0
28 19
1 4
18 28
26 29
0 13
0 27
10 20
15 11
29 7
21 0
11 3
29 18
1 1
17 29
0 14
16 11
0 29
29 8
19 2
25 19
1 3
9 0
10 19
26 28
18 29
1 13
14 19
1 14
