182
0 6
5 27
9 16
17 24
24 20
0 7
6 26
9 17
15 4
25 9
25 21
15 3
0 8
16 12
25 0
0 17
6 0
15 26
24 29
26 0
0 18
8 9
17 12
26 21
3 26
16 22
26 1
27 29
1 18
28 29
4 0
25 10
15 1
3 29
16 24
25 19
27 0
16 13
29 29
5 0
26 10
0 16
8 8
15 2
16 1
4 26
16 25
25 20
27 1
26 11
9 18
16 2
4 27
16 26
26 20
28 0
16 11
0 5
7 0
25 29
0 19
27 10
8 14
16 27
17 1
28 1
4 28
17 15
26 29
7 1
1 8
27 19
28 10
0 20
8 18
29 0
16 28
16 10
27 20
29 28
2 0
17 2
0 9
28 11
4 29
29 1
9 20
17 13
17 25
28 20
16 0
3 0
1 9
5 28
29 10
25 28
1 19
29 2
8 13
17 26
29 11
15 0
5 29
17 16
6 1
26 19
8 15
17 0
26 2
17 27
25 11
6 28
26 28
17 14
0 0
28 19
0 10
14 27
17 3
8 12
0 21
27 2
27 11
16 14
6 29
27 28
7 2
18 1
8 17
15 27
18 14
28 2
29 20
1 0
1 29
28 28
0 15
16 3
17 28
18 13
2 29
4 1
8 11
29 12
18 2
10 20
24 21
25 1
5 1
7 28
15 29
1 17
26 12
9 10
29 27
0 29
14 2
16 29
17 11
2 1
25 2
0 14
1 28
29 19
15 28
3 1
8 10
29 9
17 4
29 21
2 28
15 24
0 11
18 12
29 3
23 29
8 19
14 3
9 15
2 9
27 12
18 15
