156
0 0
0 22
4 29
7 16
11 23
15 15
17 29
21 21
22 0
22 10
25 28
28 16
29 4
0 1
7 15
16 7
0 10
7 6
5 29
26 28
28 17
29 5
12 23
1 22
16 16
22 1
18 29
29 14
27 27
6 29
18 17
29 6
1 0
0 9
21 0
27 28
29 15
0 20
13 24
19 18
21 9
27 29
29 16
0 23
8 15
23 0
13 25
2 0
14 0
20 18
28 26
29 17
0 11
7 7
0 21
9 15
28 4
14 25
1 29
19 8
0 12
28 27
29 18
20 19
11 0
29 1
14 26
1 20
1 1
10 15
28 28
2 29
28 14
20 8
8 7
13 0
9 7
14 27
0 2
11 7
20 0
12 7
0 13
3 0
19 17
28 29
28 7
3 29
8 16
14 28
29 19
21 8
2 1
1 21
1 9
29 28
24 0
21 20
15 27
0 29
8 14
4 0
11 5
0 8
29 7
29 29
18 0
28 15
15 28
4 28
20 20
26 27
29 2
0 19
9 16
27 15
14 2
15 29
29 3
26 29
2 28
1 10
7 17
20 9
16 28
28 18
14 1
18 16
29 27
28 1
3 28
3 1
16 29
12 0
22 8
17 17
1 19
29 26
27 16
28 2
1 12
11 24
0 28
4 1
17 16
25 27
15 0
29 13
12 24
0 3
1 28
9 14
11 6
8 8
2 9
5 0
