195
3 26
14 7
7 19
0 12
6 5
14 8
0 24
9 19
13 26
21 2
26 27
0 13
7 3
0 25
14 9
14 26
21 3
27 25
0 14
8 18
14 27
17 17
23 11
29 0
29 17
17 18
25 10
29 1
25 19
0 0
0 26
27 27
13 0
0 15
27 9
21 1
6 6
15 9
7 20
14 28
27 28
1 13
18 18
15 26
28 9
27 18
18 0
16 17
0 1
0 27
8 19
15 8
29 2
27 29
26 17
9 0
1 26
15 27
1 12
19 0
25 9
28 27
16 18
0 2
1 27
13 9
15 28
28 28
1 14
28 0
28 17
9 16
20 1
0 3
1 28
16 27
15 10
19 19
29 4
28 18
8 0
8 20
28 29
0 16
2 27
16 28
12 0
16 8
29 26
2 12
29 5
18 19
21 0
29 16
1 1
3 27
16 29
9 18
28 8
29 27
13 10
20 0
0 4
4 28
17 27
1 15
29 28
9 2
9 20
0 28
19 18
24 9
17 28
29 29
14 10
22 0
27 16
1 3
2 13
2 28
29 8
18 28
19 17
17 0
26 29
1 4
8 21
17 9
29 18
0 17
28 7
20 19
8 1
2 29
12 29
19 1
25 29
9 17
29 6
1 0
3 28
13 28
29 19
22 1
0 11
10 18
28 16
0 29
13 29
26 28
9 1
16 10
1 16
27 0
1 29
10 0
18 9
10 19
28 19
14 29
29 7
25 28
1 2
1 25
2 14
16 0
10 17
15 29
27 19
29 3
20 20
2 1
2 26
17 8
17 29
29 9
26 26
2 11
3 29
13 1
11 18
28 1
12 28
2 2
28 26
17 10
4 29
26 10
0 18
13 27
18 1
21 19
2 0
27 26
4 11
