166
3 16
14 27
26 5
27 14
0 0
3 17
7 4
10 12
15 19
15 28
27 3
27 15
8 2
12 11
0 1
1 15
27 4
28 14
13 11
14 19
8 3
1 16
14 28
28 3
29 13
14 10
4 24
8 4
15 27
0 2
28 4
29 14
2 16
16 11
5 24
9 2
15 29
12 19
29 2
25 13
0 3
17 0
22 23
28 29
17 1
23 22
29 28
18 0
29 29
18 1
22 22
27 29
0 28
18 2
23 21
29 27
0 29
18 3
0 8
0 17
16 29
14 11
9 3
13 19
26 4
27 13
16 28
0 15
21 21
19 0
0 26
26 29
19 11
0 5
1 17
27 1
22 21
17 2
28 13
0 27
17 11
14 29
8 0
27 2
11 19
28 28
0 6
29 15
13 20
0 16
19 12
16 1
28 0
25 29
1 26
0 4
17 28
15 11
28 15
1 14
20 20
28 1
1 27
9 4
13 29
29 16
4 15
28 2
1 0
14 20
16 0
27 28
15 10
1 28
29 12
2 14
19 1
29 26
16 10
8 1
29 3
1 29
17 29
2 15
13 18
1 5
29 17
2 25
29 0
26 28
18 11
19 2
12 28
21 20
9 1
2 13
29 1
17 10
2 26
28 16
7 0
5 15
18 29
27 0
2 27
20 11
28 27
1 6
28 12
12 20
3 18
2 28
13 28
12 18
16 2
27 27
2 29
1 4
29 4
13 21
17 3
13 10
29 18
12 29
4 17
3 27
