159
5 20
1 12
15 20
21 0
0 2
2 12
16 20
18 9
22 1
27 8
29 22
0 3
10 8
5 21
19 9
22 27
28 8
7 29
20 1
24 16
0 4
0 13
11 11
15 21
6 20
22 29
29 23
8 29
21 1
25 16
1 2
1 13
7 19
9 0
11 0
15 18
23 29
10 10
29 0
29 9
0 28
1 3
9 28
19 10
20 0
9 1
23 28
16 18
24 17
28 7
0 0
0 23
9 29
10 0
19 1
10 11
11 9
14 19
29 24
0 12
25 17
4 21
10 1
10 28
29 5
20 9
29 6
0 1
19 28
11 10
15 19
22 0
0 14
10 29
29 25
20 10
1 4
0 24
12 0
26 16
19 29
29 7
8 0
9 10
29 8
0 29
7 20
15 17
23 0
0 25
25 18
20 28
0 11
10 2
19 8
16 19
11 28
1 0
2 22
26 17
20 29
2 13
24 0
10 9
28 9
28 26
1 1
1 29
6 21
11 29
16 21
12 29
18 0
18 10
17 19
27 17
17 20
21 28
21 29
8 28
1 11
26 18
9 2
28 0
0 27
21 9
22 28
9 9
27 18
10 27
1 14
2 3
19 0
21 27
29 10
1 28
14 18
9 11
20 8
29 26
3 12
2 1
4 20
12 28
29 1
11 1
19 11
27 20
20 27
0 10
1 23
10 12
9 27
29 4
13 0
29 28
14 20
28 16
18 8
